C51 COMPILER V9.60.7.0   MAIN                                                              08/07/2024 02:35:16 PAGE 1   


C51 COMPILER V9.60.7.0, COMPILATION OF MODULE MAIN
OBJECT MODULE PLACED IN .\Objects\main.obj
COMPILER INVOKED BY: C:\Keil_v5\C51\BIN\C51.EXE main.c OPTIMIZE(8,SPEED) BROWSE DEBUG OBJECTEXTEND PRINT(.\Listings\main
                    -.lst) TABS(2) OBJECT(.\Objects\main.obj)

line level    source

   1          #include <REGX51.H>
   2          #include <stdio.h>
   3          #include "I2C.h"
   4          unsigned char slave1 = 0x7E;
   5          
   6          int main(){
   7   1        int so = 2024;
   8   1        char chuoi[] = "Hello TTS";
   9   1        add_slave(slave1);
  10   1        lcd_init();
  11   1        lcd_col_row(3,0);
  12   1        send_string(&chuoi);
  13   1        lcd_col_row(5,1);
  14   1        delay_1ms(2000);
  15   1        send_number(2024);
  16   1        while(1){
  17   2        }
  18   1      }


MODULE INFORMATION:   STATIC OVERLAYABLE
   CODE SIZE        =     78    ----
   CONSTANT SIZE    =     10    ----
   XDATA SIZE       =   ----    ----
   PDATA SIZE       =   ----    ----
   DATA SIZE        =      1      12
   IDATA SIZE       =   ----    ----
   BIT SIZE         =   ----    ----
END OF MODULE INFORMATION.


C51 COMPILATION COMPLETE.  0 WARNING(S),  0 ERROR(S)
